STARTING AT Wed Dec 18 02:27:41 PM CET 2024

                            < M A T L A B (R) >
                  Copyright 1984-2019 The MathWorks, Inc.
                  R2019b (9.7.0.1190202) 64-bit (glnxa64)
                              August 21, 2019

 
To get started, type doc.
For product information, visit www.mathworks.com.
 
Starting parallel pool (parpool) using the 'local' profile ...
{Error using parpool (line 113)
Parallel pool failed to start with the following error. For more detailed
information, validate the profile 'local' in the Cluster Profile Manager.

Error in Main (line 79)
    parpool(Corenum);%36

Caused by:
    Error using parallel.internal.pool.InteractiveClient>iThrowWithCause (line
    668)
    Failed to locate and destroy old interactive jobs.
        Error using parallel.Cluster/findJob (line 74)
        Unknown type:
        concurrentconcurrentconcurrentconcurrentconcurrentconcurrentconcurrentconcurrentconcurrentconcurrentconcurrentconcurrentconcurrentconcurrentconcurrent.} 
FINISHED at Wed Dec 18 02:27:53 PM CET 2024
